{
  "uid" : "a8c85f0eb65badab",
  "name" : "writeprivacytextintodocument()",
  "fullName" : "ForumTestPOM.writeprivacytextintodocument",
  "historyId" : "a95c473a818f9d1fa6d016c20b2bdd5c",
  "time" : {
    "start" : 1627927549425,
    "stop" : 1627927559941,
    "duration" : 10516
  },
  "description" : "",
  "status" : "broken",
  "statusMessage" : "Expected condition failed: waiting for visibility of element located by By.xpath: //*[@id=\"navilast\"] (tried for 10 second(s) with 500 milliseconds interval)",
  "statusTrace" : "org.openqa.selenium.TimeoutException: Expected condition failed: waiting for visibility of element located by By.xpath: //*[@id=\"navilast\"] (tried for 10 second(s) with 500 milliseconds interval)\r\n\tat org.openqa.selenium.support.ui.WebDriverWait.timeoutException(WebDriverWait.java:95)\r\n\tat org.openqa.selenium.support.ui.FluentWait.until(FluentWait.java:272)\r\n\tat PrivacyDisclaimerMethod.privacy_save_into_file(PrivacyDisclaimerMethod.java:21)\r\n\tat ForumTestPOM.writeprivacytextintodocument(ForumTestPOM.java:110)\r\n\tat java.base/jdk.internal.reflect.NativeMethodAccessorImpl.invoke0(Native Method)\r\n\tat java.base/jdk.internal.reflect.NativeMethodAccessorImpl.invoke(NativeMethodAccessorImpl.java:78)\r\n\tat java.base/jdk.internal.reflect.DelegatingMethodAccessorImpl.invoke(DelegatingMethodAccessorImpl.java:43)\r\n\tat java.base/java.lang.reflect.Method.invoke(Method.java:567)\r\n\tat org.junit.platform.commons.util.ReflectionUtils.invokeMethod(ReflectionUtils.java:688)\r\n\tat org.junit.jupiter.engine.execution.MethodInvocation.proceed(MethodInvocation.java:60)\r\n\tat org.junit.jupiter.engine.execution.InvocationInterceptorChain$ValidatingInvocation.proceed(InvocationInterceptorChain.java:131)\r\n\tat org.junit.jupiter.api.extension.InvocationInterceptor.interceptTestMethod(InvocationInterceptor.java:117)\r\n\tat org.junit.jupiter.engine.execution.ExecutableInvoker$ReflectiveInterceptorCall.lambda$ofVoidMethod$0(ExecutableInvoker.java:115)\r\n\tat org.junit.jupiter.engine.execution.ExecutableInvoker.lambda$invoke$0(ExecutableInvoker.java:105)\r\n\tat org.junit.jupiter.engine.execution.InvocationInterceptorChain$InterceptedInvocation.proceed(InvocationInterceptorChain.java:106)\r\n\tat org.junit.jupiter.engine.extension.TimeoutExtension.intercept(TimeoutExtension.java:149)\r\n\tat org.junit.jupiter.engine.extension.TimeoutExtension.interceptTestableMethod(TimeoutExtension.java:140)\r\n\tat org.junit.jupiter.engine.extension.TimeoutExtension.interceptTestMethod(TimeoutExtension.java:84)\r\n\tat org.junit.jupiter.engine.execution.ExecutableInvoker$ReflectiveInterceptorCall.lambda$ofVoidMethod$0(ExecutableInvoker.java:115)\r\n\tat org.junit.jupiter.engine.execution.ExecutableInvoker.lambda$invoke$0(ExecutableInvoker.java:105)\r\n\tat org.junit.jupiter.engine.execution.InvocationInterceptorChain$InterceptedInvocation.proceed(InvocationInterceptorChain.java:106)\r\n\tat org.junit.jupiter.engine.execution.InvocationInterceptorChain.proceed(InvocationInterceptorChain.java:64)\r\n\tat org.junit.jupiter.engine.execution.InvocationInterceptorChain.chainAndInvoke(InvocationInterceptorChain.java:45)\r\n\tat org.junit.jupiter.engine.execution.InvocationInterceptorChain.invoke(InvocationInterceptorChain.java:37)\r\n\tat org.junit.jupiter.engine.execution.ExecutableInvoker.invoke(ExecutableInvoker.java:104)\r\n\tat org.junit.jupiter.engine.execution.ExecutableInvoker.invoke(ExecutableInvoker.java:98)\r\n\tat org.junit.jupiter.engine.descriptor.TestMethodTestDescriptor.lambda$invokeTestMethod$6(TestMethodTestDescriptor.java:210)\r\n\tat org.junit.platform.engine.support.hierarchical.ThrowableCollector.execute(ThrowableCollector.java:73)\r\n\tat org.junit.jupiter.engine.descriptor.TestMethodTestDescriptor.invokeTestMethod(TestMethodTestDescriptor.java:206)\r\n\tat org.junit.jupiter.engine.descriptor.TestMethodTestDescriptor.execute(TestMethodTestDescriptor.java:131)\r\n\tat org.junit.jupiter.engine.descriptor.TestMethodTestDescriptor.execute(TestMethodTestDescriptor.java:65)\r\n\tat org.junit.platform.engine.support.hierarchical.NodeTestTask.lambda$executeRecursively$5(NodeTestTask.java:139)\r\n\tat org.junit.platform.engine.support.hierarchical.ThrowableCollector.execute(ThrowableCollector.java:73)\r\n\tat org.junit.platform.engine.support.hierarchical.NodeTestTask.lambda$executeRecursively$7(NodeTestTask.java:129)\r\n\tat org.junit.platform.engine.support.hierarchical.Node.around(Node.java:137)\r\n\tat org.junit.platform.engine.support.hierarchical.NodeTestTask.lambda$executeRecursively$8(NodeTestTask.java:127)\r\n\tat org.junit.platform.engine.support.hierarchical.ThrowableCollector.execute(ThrowableCollector.java:73)\r\n\tat org.junit.platform.engine.support.hierarchical.NodeTestTask.executeRecursively(NodeTestTask.java:126)\r\n\tat org.junit.platform.engine.support.hierarchical.NodeTestTask.execute(NodeTestTask.java:84)\r\n\tat org.junit.platform.engine.support.hierarchical.ForkJoinPoolHierarchicalTestExecutorService$ExclusiveTask.compute(ForkJoinPoolHierarchicalTestExecutorService.java:185)\r\n\tat org.junit.platform.engine.support.hierarchical.ForkJoinPoolHierarchicalTestExecutorService.invokeAll(ForkJoinPoolHierarchicalTestExecutorService.java:129)\r\n\tat org.junit.platform.engine.support.hierarchical.NodeTestTask.lambda$executeRecursively$5(NodeTestTask.java:143)\r\n\tat org.junit.platform.engine.support.hierarchical.ThrowableCollector.execute(ThrowableCollector.java:73)\r\n\tat org.junit.platform.engine.support.hierarchical.NodeTestTask.lambda$executeRecursively$7(NodeTestTask.java:129)\r\n\tat org.junit.platform.engine.support.hierarchical.Node.around(Node.java:137)\r\n\tat org.junit.platform.engine.support.hierarchical.NodeTestTask.lambda$executeRecursively$8(NodeTestTask.java:127)\r\n\tat org.junit.platform.engine.support.hierarchical.ThrowableCollector.execute(ThrowableCollector.java:73)\r\n\tat org.junit.platform.engine.support.hierarchical.NodeTestTask.executeRecursively(NodeTestTask.java:126)\r\n\tat org.junit.platform.engine.support.hierarchical.NodeTestTask.execute(NodeTestTask.java:84)\r\n\tat org.junit.platform.engine.support.hierarchical.ForkJoinPoolHierarchicalTestExecutorService$ExclusiveTask.compute(ForkJoinPoolHierarchicalTestExecutorService.java:185)\r\n\tat org.junit.platform.engine.support.hierarchical.ForkJoinPoolHierarchicalTestExecutorService.invokeAll(ForkJoinPoolHierarchicalTestExecutorService.java:129)\r\n\tat org.junit.platform.engine.support.hierarchical.NodeTestTask.lambda$executeRecursively$5(NodeTestTask.java:143)\r\n\tat org.junit.platform.engine.support.hierarchical.ThrowableCollector.execute(ThrowableCollector.java:73)\r\n\tat org.junit.platform.engine.support.hierarchical.NodeTestTask.lambda$executeRecursively$7(NodeTestTask.java:129)\r\n\tat org.junit.platform.engine.support.hierarchical.Node.around(Node.java:137)\r\n\tat org.junit.platform.engine.support.hierarchical.NodeTestTask.lambda$executeRecursively$8(NodeTestTask.java:127)\r\n\tat org.junit.platform.engine.support.hierarchical.ThrowableCollector.execute(ThrowableCollector.java:73)\r\n\tat org.junit.platform.engine.support.hierarchical.NodeTestTask.executeRecursively(NodeTestTask.java:126)\r\n\tat org.junit.platform.engine.support.hierarchical.NodeTestTask.execute(NodeTestTask.java:84)\r\n\tat org.junit.platform.engine.support.hierarchical.ForkJoinPoolHierarchicalTestExecutorService$ExclusiveTask.compute(ForkJoinPoolHierarchicalTestExecutorService.java:185)\r\n\tat java.base/java.util.concurrent.RecursiveAction.exec(RecursiveAction.java:194)\r\n\tat java.base/java.util.concurrent.ForkJoinTask.doExec(ForkJoinTask.java:295)\r\n\tat java.base/java.util.concurrent.ForkJoinPool$WorkQueue.topLevelExec(ForkJoinPool.java:1016)\r\n\tat java.base/java.util.concurrent.ForkJoinPool.scan(ForkJoinPool.java:1665)\r\n\tat java.base/java.util.concurrent.ForkJoinPool.runWorker(ForkJoinPool.java:1598)\r\n\tat java.base/java.util.concurrent.ForkJoinWorkerThread.run(ForkJoinWorkerThread.java:183)\r\nCaused by: org.openqa.selenium.NoSuchElementException: no such element: Unable to locate element: {\"method\":\"xpath\",\"selector\":\"//*[@id=\"navilast\"]\"}\n  (Session info: chrome=92.0.4515.107)\nFor documentation on this error, please visit: https://www.seleniumhq.org/exceptions/no_such_element.html\nBuild info: version: '3.141.59', revision: 'e82be7d358', time: '2018-11-14T08:17:03'\nSystem info: host: 'DESKTOP-JJVKPMQ', ip: '192.168.56.1', os.name: 'Windows 10', os.arch: 'amd64', os.version: '10.0', java.version: '16.0.2'\nDriver info: org.openqa.selenium.chrome.ChromeDriver\nCapabilities {acceptInsecureCerts: false, browserName: chrome, browserVersion: 92.0.4515.107, chrome: {chromedriverVersion: 91.0.4472.101 (af52a90bf870..., userDataDir: c:\\Users\\Tatsuya Hiroki\\App...}, goog:chromeOptions: {debuggerAddress: localhost:62965}, javascriptEnabled: true, networkConnectionEnabled: false, pageLoadStrategy: normal, platform: WINDOWS, platformName: WINDOWS, proxy: Proxy(), setWindowRect: true, strictFileInteractability: false, timeouts: {implicit: 0, pageLoad: 300000, script: 30000}, unhandledPromptBehavior: dismiss and notify, webauthn:extension:largeBlob: true, webauthn:virtualAuthenticators: true}\nSession ID: 46a5792b9ecd6d794f4fc2779070673e\n*** Element info: {Using=xpath, value=//*[@id=\"navilast\"]}\r\n\tat jdk.internal.reflect.GeneratedConstructorAccessor12.newInstance(Unknown Source)\r\n\tat java.base/jdk.internal.reflect.DelegatingConstructorAccessorImpl.newInstance(DelegatingConstructorAccessorImpl.java:45)\r\n\tat java.base/java.lang.reflect.Constructor.newInstanceWithCaller(Constructor.java:499)\r\n\tat java.base/java.lang.reflect.Constructor.newInstance(Constructor.java:480)\r\n\tat org.openqa.selenium.remote.http.W3CHttpResponseCodec.createException(W3CHttpResponseCodec.java:187)\r\n\tat org.openqa.selenium.remote.http.W3CHttpResponseCodec.decode(W3CHttpResponseCodec.java:122)\r\n\tat org.openqa.selenium.remote.http.W3CHttpResponseCodec.decode(W3CHttpResponseCodec.java:49)\r\n\tat org.openqa.selenium.remote.HttpCommandExecutor.execute(HttpCommandExecutor.java:158)\r\n\tat org.openqa.selenium.remote.service.DriverCommandExecutor.execute(DriverCommandExecutor.java:83)\r\n\tat org.openqa.selenium.remote.RemoteWebDriver.execute(RemoteWebDriver.java:552)\r\n\tat org.openqa.selenium.remote.RemoteWebDriver.findElement(RemoteWebDriver.java:323)\r\n\tat org.openqa.selenium.remote.RemoteWebDriver.findElementByXPath(RemoteWebDriver.java:428)\r\n\tat org.openqa.selenium.By$ByXPath.findElement(By.java:353)\r\n\tat org.openqa.selenium.remote.RemoteWebDriver.findElement(RemoteWebDriver.java:315)\r\n\tat org.openqa.selenium.support.ui.ExpectedConditions$7.apply(ExpectedConditions.java:205)\r\n\tat org.openqa.selenium.support.ui.ExpectedConditions$7.apply(ExpectedConditions.java:201)\r\n\tat org.openqa.selenium.support.ui.FluentWait.until(FluentWait.java:249)\r\n\t... 64 more\r\n",
  "flaky" : false,
  "newFailed" : false,
  "beforeStages" : [ ],
  "afterStages" : [ ],
  "labels" : [ {
    "name" : "host",
    "value" : "DESKTOP-JJVKPMQ"
  }, {
    "name" : "thread",
    "value" : "16444@DESKTOP-JJVKPMQ.ForkJoinPool-1-worker-3(16)"
  }, {
    "name" : "framework",
    "value" : "junit-platform"
  }, {
    "name" : "language",
    "value" : "java"
  }, {
    "name" : "package",
    "value" : "ForumTestPOM"
  }, {
    "name" : "testClass",
    "value" : "ForumTestPOM"
  }, {
    "name" : "testMethod",
    "value" : "writeprivacytextintodocument"
  }, {
    "name" : "suite",
    "value" : "ForumTestPOM"
  }, {
    "name" : "resultFormat",
    "value" : "allure2"
  } ],
  "parameters" : [ ],
  "links" : [ ],
  "hidden" : false,
  "retry" : false,
  "extra" : {
    "severity" : "normal",
    "retries" : [ {
      "uid" : "35c856c625b99391",
      "status" : "broken",
      "statusDetails" : "invalid argument: user data directory is already in use, please specify a unique value for --user-data-dir argument, or don't use --user-data-dir\nBuild info: version: '3.141.59', revision: 'e82be7d358', time: '2018-11-14T08:17:03'\nSystem info: host: 'DESKTOP-JJVKPMQ', ip: '192.168.56.1', os.name: 'Windows 10', os.arch: 'amd64', os.version: '10.0', java.version: '16.0.2'\nDriver info: driver.version: ChromeDriver\nremote stacktrace: Backtrace:\n\tOrdinal0 [0x002D3733+2504499]\n\tOrdinal0 [0x0026C401+2081793]\n\tOrdinal0 [0x00172628+1058344]\n\tOrdinal0 [0x0018D57A+1168762]\n\tOrdinal0 [0x00189DC3+1154499]\n\tOrdinal0 [0x001B9B82+1350530]\n\tOrdinal0 [0x001B97DA+1349594]\n\tOrdinal0 [0x001B5D4B+1334603]\n\tOrdinal0 [0x001922B4+1188532]\n\tOrdinal0 [0x00193149+1192265]\n\tGetHandleVerifier [0x0044FB8C+1512252]\n\tGetHandleVerifier [0x004FB0DF+2214031]\n\tGetHandleVerifier [0x00354BC3+484211]\n\tGetHandleVerifier [0x00353E69+480793]\n\tOrdinal0 [0x0027218D+2105741]\n\tOrdinal0 [0x002766E8+2123496]\n\tOrdinal0 [0x00276827+2123815]\n\tOrdinal0 [0x0027FB73+2161523]\n\tBaseThreadInitThunk [0x75EBFA29+25]\n\tRtlGetAppContainerNamedObjectPath [0x77AA7A7E+286]\n\tRtlGetAppContainerNamedObjectPath [0x77AA7A4E+238]\n\t(No symbol) [0x00000000]\n",
      "time" : {
        "start" : 1627927538350,
        "stop" : 1627927538356,
        "duration" : 6
      }
    }, {
      "uid" : "158205bfb0c5740e",
      "status" : "broken",
      "statusDetails" : "Expected condition failed: waiting for visibility of element located by By.xpath: //*[@id=\"navilast\"] (tried for 5 second(s) with 500 milliseconds interval)",
      "time" : {
        "start" : 1627927246495,
        "stop" : 1627927251812,
        "duration" : 5317
      }
    }, {
      "uid" : "d957a5199c6307c9",
      "status" : "broken",
      "statusDetails" : "invalid argument: user data directory is already in use, please specify a unique value for --user-data-dir argument, or don't use --user-data-dir\nBuild info: version: '3.141.59', revision: 'e82be7d358', time: '2018-11-14T08:17:03'\nSystem info: host: 'DESKTOP-JJVKPMQ', ip: '192.168.56.1', os.name: 'Windows 10', os.arch: 'amd64', os.version: '10.0', java.version: '16.0.2'\nDriver info: driver.version: ChromeDriver\nremote stacktrace: Backtrace:\n\tOrdinal0 [0x002D3733+2504499]\n\tOrdinal0 [0x0026C401+2081793]\n\tOrdinal0 [0x00172628+1058344]\n\tOrdinal0 [0x0018D57A+1168762]\n\tOrdinal0 [0x00189DC3+1154499]\n\tOrdinal0 [0x001B9B82+1350530]\n\tOrdinal0 [0x001B97DA+1349594]\n\tOrdinal0 [0x001B5D4B+1334603]\n\tOrdinal0 [0x001922B4+1188532]\n\tOrdinal0 [0x00193149+1192265]\n\tGetHandleVerifier [0x0044FB8C+1512252]\n\tGetHandleVerifier [0x004FB0DF+2214031]\n\tGetHandleVerifier [0x00354BC3+484211]\n\tGetHandleVerifier [0x00353E69+480793]\n\tOrdinal0 [0x0027218D+2105741]\n\tOrdinal0 [0x002766E8+2123496]\n\tOrdinal0 [0x00276827+2123815]\n\tOrdinal0 [0x0027FB73+2161523]\n\tBaseThreadInitThunk [0x75EBFA29+25]\n\tRtlGetAppContainerNamedObjectPath [0x77AA7A7E+286]\n\tRtlGetAppContainerNamedObjectPath [0x77AA7A4E+238]\n\t(No symbol) [0x00000000]\n",
      "time" : {
        "start" : 1627927234042,
        "stop" : 1627927234053,
        "duration" : 11
      }
    }, {
      "uid" : "e006e1a3bb36db3c",
      "status" : "broken",
      "statusDetails" : "no such element: Unable to locate element: {\"method\":\"xpath\",\"selector\":\"//*[@id=\"navilast\"]\"}\n  (Session info: chrome=92.0.4515.107)\nFor documentation on this error, please visit: https://www.seleniumhq.org/exceptions/no_such_element.html\nBuild info: version: '3.141.59', revision: 'e82be7d358', time: '2018-11-14T08:17:03'\nSystem info: host: 'DESKTOP-JJVKPMQ', ip: '192.168.56.1', os.name: 'Windows 10', os.arch: 'amd64', os.version: '10.0', java.version: '16.0.2'\nDriver info: org.openqa.selenium.chrome.ChromeDriver\nCapabilities {acceptInsecureCerts: false, browserName: chrome, browserVersion: 92.0.4515.107, chrome: {chromedriverVersion: 91.0.4472.101 (af52a90bf870..., userDataDir: c:\\Users\\Tatsuya Hiroki\\App...}, goog:chromeOptions: {debuggerAddress: localhost:54254}, javascriptEnabled: true, networkConnectionEnabled: false, pageLoadStrategy: normal, platform: WINDOWS, platformName: WINDOWS, proxy: Proxy(), setWindowRect: true, strictFileInteractability: false, timeouts: {implicit: 0, pageLoad: 300000, script: 30000}, unhandledPromptBehavior: dismiss and notify, webauthn:extension:largeBlob: true, webauthn:virtualAuthenticators: true}\nSession ID: cee0e85bfe74722011fa8b7a24432163\n*** Element info: {Using=xpath, value=//*[@id=\"navilast\"]}",
      "time" : {
        "start" : 1627927099961,
        "stop" : 1627927100207,
        "duration" : 246
      }
    }, {
      "uid" : "ffa69008dc2aef5d",
      "status" : "broken",
      "statusDetails" : "invalid argument: user data directory is already in use, please specify a unique value for --user-data-dir argument, or don't use --user-data-dir\nBuild info: version: '3.141.59', revision: 'e82be7d358', time: '2018-11-14T08:17:03'\nSystem info: host: 'DESKTOP-JJVKPMQ', ip: '192.168.56.1', os.name: 'Windows 10', os.arch: 'amd64', os.version: '10.0', java.version: '16.0.2'\nDriver info: driver.version: ChromeDriver\nremote stacktrace: Backtrace:\n\tOrdinal0 [0x002D3733+2504499]\n\tOrdinal0 [0x0026C401+2081793]\n\tOrdinal0 [0x00172628+1058344]\n\tOrdinal0 [0x0018D57A+1168762]\n\tOrdinal0 [0x00189DC3+1154499]\n\tOrdinal0 [0x001B9B82+1350530]\n\tOrdinal0 [0x001B97DA+1349594]\n\tOrdinal0 [0x001B5D4B+1334603]\n\tOrdinal0 [0x001922B4+1188532]\n\tOrdinal0 [0x00193149+1192265]\n\tGetHandleVerifier [0x0044FB8C+1512252]\n\tGetHandleVerifier [0x004FB0DF+2214031]\n\tGetHandleVerifier [0x00354BC3+484211]\n\tGetHandleVerifier [0x00353E69+480793]\n\tOrdinal0 [0x0027218D+2105741]\n\tOrdinal0 [0x002766E8+2123496]\n\tOrdinal0 [0x00276827+2123815]\n\tOrdinal0 [0x0027FB73+2161523]\n\tBaseThreadInitThunk [0x75EBFA29+25]\n\tRtlGetAppContainerNamedObjectPath [0x77AA7A7E+286]\n\tRtlGetAppContainerNamedObjectPath [0x77AA7A4E+238]\n\t(No symbol) [0x00000000]\n",
      "time" : {
        "start" : 1627927086103,
        "stop" : 1627927086112,
        "duration" : 9
      }
    }, {
      "uid" : "fc0ef6bfcc5b1c7e",
      "status" : "broken",
      "statusDetails" : "no such element: Unable to locate element: {\"method\":\"css selector\",\"selector\":\"#navilast\"}\n  (Session info: chrome=92.0.4515.107)\nFor documentation on this error, please visit: https://www.seleniumhq.org/exceptions/no_such_element.html\nBuild info: version: '3.141.59', revision: 'e82be7d358', time: '2018-11-14T08:17:03'\nSystem info: host: 'DESKTOP-JJVKPMQ', ip: '192.168.56.1', os.name: 'Windows 10', os.arch: 'amd64', os.version: '10.0', java.version: '16.0.2'\nDriver info: org.openqa.selenium.chrome.ChromeDriver\nCapabilities {acceptInsecureCerts: false, browserName: chrome, browserVersion: 92.0.4515.107, chrome: {chromedriverVersion: 91.0.4472.101 (af52a90bf870..., userDataDir: c:\\Users\\Tatsuya Hiroki\\App...}, goog:chromeOptions: {debuggerAddress: localhost:54489}, javascriptEnabled: true, networkConnectionEnabled: false, pageLoadStrategy: normal, platform: WINDOWS, platformName: WINDOWS, proxy: Proxy(), setWindowRect: true, strictFileInteractability: false, timeouts: {implicit: 0, pageLoad: 300000, script: 30000}, unhandledPromptBehavior: dismiss and notify, webauthn:extension:largeBlob: true, webauthn:virtualAuthenticators: true}\nSession ID: 09238a8efd8a5dd3a1ca95c2d8e1b800\n*** Element info: {Using=id, value=navilast}",
      "time" : {
        "start" : 1627922917865,
        "stop" : 1627922917989,
        "duration" : 124
      }
    }, {
      "uid" : "bc1f57768489db71",
      "status" : "broken",
      "statusDetails" : "no such element: Unable to locate element: {\"method\":\"css selector\",\"selector\":\"#navilast\"}\n  (Session info: chrome=92.0.4515.107)\nFor documentation on this error, please visit: https://www.seleniumhq.org/exceptions/no_such_element.html\nBuild info: version: '3.141.59', revision: 'e82be7d358', time: '2018-11-14T08:17:03'\nSystem info: host: 'DESKTOP-JJVKPMQ', ip: '192.168.56.1', os.name: 'Windows 10', os.arch: 'amd64', os.version: '10.0', java.version: '16.0.2'\nDriver info: org.openqa.selenium.chrome.ChromeDriver\nCapabilities {acceptInsecureCerts: false, browserName: chrome, browserVersion: 92.0.4515.107, chrome: {chromedriverVersion: 91.0.4472.101 (af52a90bf870..., userDataDir: c:\\Users\\Tatsuya Hiroki\\App...}, goog:chromeOptions: {debuggerAddress: localhost:56707}, javascriptEnabled: true, networkConnectionEnabled: false, pageLoadStrategy: normal, platform: WINDOWS, platformName: WINDOWS, proxy: Proxy(), setWindowRect: true, strictFileInteractability: false, timeouts: {implicit: 0, pageLoad: 300000, script: 30000}, unhandledPromptBehavior: dismiss and notify, webauthn:extension:largeBlob: true, webauthn:virtualAuthenticators: true}\nSession ID: e05efafca6eb1f087ea809032b6d4ae1\n*** Element info: {Using=id, value=navilast}",
      "time" : {
        "start" : 1627922825560,
        "stop" : 1627922825785,
        "duration" : 225
      }
    }, {
      "uid" : "f7da50a9d85aa91d",
      "status" : "broken",
      "statusDetails" : "no such element: Unable to locate element: {\"method\":\"css selector\",\"selector\":\"div.page:nth-child(1) > div:nth-child(2) > span:nth-child(7)\"}\n  (Session info: chrome=92.0.4515.107)\nFor documentation on this error, please visit: https://www.seleniumhq.org/exceptions/no_such_element.html\nBuild info: version: '3.141.59', revision: 'e82be7d358', time: '2018-11-14T08:17:03'\nSystem info: host: 'DESKTOP-JJVKPMQ', ip: '192.168.56.1', os.name: 'Windows 10', os.arch: 'amd64', os.version: '10.0', java.version: '16.0.2'\nDriver info: org.openqa.selenium.chrome.ChromeDriver\nCapabilities {acceptInsecureCerts: false, browserName: chrome, browserVersion: 92.0.4515.107, chrome: {chromedriverVersion: 91.0.4472.101 (af52a90bf870..., userDataDir: c:\\Users\\Tatsuya Hiroki\\App...}, goog:chromeOptions: {debuggerAddress: localhost:65401}, javascriptEnabled: true, networkConnectionEnabled: false, pageLoadStrategy: normal, platform: WINDOWS, platformName: WINDOWS, proxy: Proxy(), setWindowRect: true, strictFileInteractability: false, timeouts: {implicit: 0, pageLoad: 300000, script: 30000}, unhandledPromptBehavior: dismiss and notify, webauthn:extension:largeBlob: true, webauthn:virtualAuthenticators: true}\nSession ID: 2d54cdd70d9dd94b5a76abbae19f144b\n*** Element info: {Using=css selector, value=div.page:nth-child(1) > div:nth-child(2) > span:nth-child(7)}",
      "time" : {
        "start" : 1627922626060,
        "stop" : 1627922626200,
        "duration" : 140
      }
    }, {
      "uid" : "e1cfa0d4288cf4af",
      "status" : "broken",
      "statusDetails" : "no such element: Unable to locate element: {\"method\":\"css selector\",\"selector\":\"#title\"}\n  (Session info: chrome=92.0.4515.107)\nFor documentation on this error, please visit: https://www.seleniumhq.org/exceptions/no_such_element.html\nBuild info: version: '3.141.59', revision: 'e82be7d358', time: '2018-11-14T08:17:03'\nSystem info: host: 'DESKTOP-JJVKPMQ', ip: '192.168.56.1', os.name: 'Windows 10', os.arch: 'amd64', os.version: '10.0', java.version: '16.0.2'\nDriver info: org.openqa.selenium.chrome.ChromeDriver\nCapabilities {acceptInsecureCerts: false, browserName: chrome, browserVersion: 92.0.4515.107, chrome: {chromedriverVersion: 91.0.4472.101 (af52a90bf870..., userDataDir: c:\\Users\\Tatsuya Hiroki\\App...}, goog:chromeOptions: {debuggerAddress: localhost:53111}, javascriptEnabled: true, networkConnectionEnabled: false, pageLoadStrategy: normal, platform: WINDOWS, platformName: WINDOWS, proxy: Proxy(), setWindowRect: true, strictFileInteractability: false, timeouts: {implicit: 0, pageLoad: 300000, script: 30000}, unhandledPromptBehavior: dismiss and notify, webauthn:extension:largeBlob: true, webauthn:virtualAuthenticators: true}\nSession ID: 57eddd6cbe676960016a67218000383b\n*** Element info: {Using=css selector, value=#title}",
      "time" : {
        "start" : 1627922493646,
        "stop" : 1627922493769,
        "duration" : 123
      }
    }, {
      "uid" : "ae857670cc56bd7e",
      "status" : "broken",
      "statusDetails" : "no such element: Unable to locate element: {\"method\":\"xpath\",\"selector\":\"//*[text()='ADATVÉDELMI ÉS KEZELÉSI TÁJÉKOZTATÓJA']\"}\n  (Session info: chrome=92.0.4515.107)\nFor documentation on this error, please visit: https://www.seleniumhq.org/exceptions/no_such_element.html\nBuild info: version: '3.141.59', revision: 'e82be7d358', time: '2018-11-14T08:17:03'\nSystem info: host: 'DESKTOP-JJVKPMQ', ip: '192.168.56.1', os.name: 'Windows 10', os.arch: 'amd64', os.version: '10.0', java.version: '16.0.2'\nDriver info: org.openqa.selenium.chrome.ChromeDriver\nCapabilities {acceptInsecureCerts: false, browserName: chrome, browserVersion: 92.0.4515.107, chrome: {chromedriverVersion: 91.0.4472.101 (af52a90bf870..., userDataDir: c:\\Users\\Tatsuya Hiroki\\App...}, goog:chromeOptions: {debuggerAddress: localhost:58581}, javascriptEnabled: true, networkConnectionEnabled: false, pageLoadStrategy: normal, platform: WINDOWS, platformName: WINDOWS, proxy: Proxy(), setWindowRect: true, strictFileInteractability: false, timeouts: {implicit: 0, pageLoad: 300000, script: 30000}, unhandledPromptBehavior: dismiss and notify, webauthn:extension:largeBlob: true, webauthn:virtualAuthenticators: true}\nSession ID: 0b08c69604e6685007c661b1a9c5e963\n*** Element info: {Using=xpath, value=//*[text()='ADATVÉDELMI ÉS KEZELÉSI TÁJÉKOZTATÓJA']}",
      "time" : {
        "start" : 1627922375328,
        "stop" : 1627922375453,
        "duration" : 125
      }
    }, {
      "uid" : "debab31ec3bda7a1",
      "status" : "broken",
      "statusDetails" : "no such element: Unable to locate element: {\"method\":\"css selector\",\"selector\":\"div.page:nth-child(1) > div:nth-child(2) > span:nth-child(7)\"}\n  (Session info: chrome=92.0.4515.107)\nFor documentation on this error, please visit: https://www.seleniumhq.org/exceptions/no_such_element.html\nBuild info: version: '3.141.59', revision: 'e82be7d358', time: '2018-11-14T08:17:03'\nSystem info: host: 'DESKTOP-JJVKPMQ', ip: '192.168.56.1', os.name: 'Windows 10', os.arch: 'amd64', os.version: '10.0', java.version: '16.0.2'\nDriver info: org.openqa.selenium.chrome.ChromeDriver\nCapabilities {acceptInsecureCerts: false, browserName: chrome, browserVersion: 92.0.4515.107, chrome: {chromedriverVersion: 91.0.4472.101 (af52a90bf870..., userDataDir: c:\\Users\\Tatsuya Hiroki\\App...}, goog:chromeOptions: {debuggerAddress: localhost:58613}, javascriptEnabled: true, networkConnectionEnabled: false, pageLoadStrategy: normal, platform: WINDOWS, platformName: WINDOWS, proxy: Proxy(), setWindowRect: true, strictFileInteractability: false, timeouts: {implicit: 0, pageLoad: 300000, script: 30000}, unhandledPromptBehavior: dismiss and notify, webauthn:extension:largeBlob: true, webauthn:virtualAuthenticators: true}\nSession ID: 348e09e4ae9997b74b6e801dc686f15b\n*** Element info: {Using=css selector, value=div.page:nth-child(1) > div:nth-child(2) > span:nth-child(7)}",
      "time" : {
        "start" : 1627921951565,
        "stop" : 1627921951704,
        "duration" : 139
      }
    }, {
      "uid" : "ba5bac2bb0375c87",
      "status" : "broken",
      "statusDetails" : "no such element: Unable to locate element: {\"method\":\"xpath\",\"selector\":\"/html/body/div[1]/div[2]/div[4]/div/div[1]/div[2]/span[6]\"}\n  (Session info: chrome=92.0.4515.107)\nFor documentation on this error, please visit: https://www.seleniumhq.org/exceptions/no_such_element.html\nBuild info: version: '3.141.59', revision: 'e82be7d358', time: '2018-11-14T08:17:03'\nSystem info: host: 'DESKTOP-JJVKPMQ', ip: '192.168.56.1', os.name: 'Windows 10', os.arch: 'amd64', os.version: '10.0', java.version: '16.0.2'\nDriver info: org.openqa.selenium.chrome.ChromeDriver\nCapabilities {acceptInsecureCerts: false, browserName: chrome, browserVersion: 92.0.4515.107, chrome: {chromedriverVersion: 91.0.4472.101 (af52a90bf870..., userDataDir: c:\\Users\\Tatsuya Hiroki\\App...}, goog:chromeOptions: {debuggerAddress: localhost:51993}, javascriptEnabled: true, networkConnectionEnabled: false, pageLoadStrategy: normal, platform: WINDOWS, platformName: WINDOWS, proxy: Proxy(), setWindowRect: true, strictFileInteractability: false, timeouts: {implicit: 0, pageLoad: 300000, script: 30000}, unhandledPromptBehavior: dismiss and notify, webauthn:extension:largeBlob: true, webauthn:virtualAuthenticators: true}\nSession ID: 774fa4d3c5869588667e924dd25bdeb0\n*** Element info: {Using=xpath, value=/html/body/div[1]/div[2]/div[4]/div/div[1]/div[2]/span[6]}",
      "time" : {
        "start" : 1627921895796,
        "stop" : 1627921895926,
        "duration" : 130
      }
    }, {
      "uid" : "f8c71399f40f841a",
      "status" : "broken",
      "statusDetails" : "Expected condition failed: waiting for visibility of element located by By.cssSelector: #naviheader (tried for 15 second(s) with 500 milliseconds interval)",
      "time" : {
        "start" : 1627921852390,
        "stop" : 1627921867591,
        "duration" : 15201
      }
    }, {
      "uid" : "c45a858c9ab1aeb9",
      "status" : "broken",
      "statusDetails" : "Expected condition failed: waiting for visibility of element located by By.cssSelector: #naviheader (tried for 15 second(s) with 500 milliseconds interval)",
      "time" : {
        "start" : 1627919461409,
        "stop" : 1627919476532,
        "duration" : 15123
      }
    }, {
      "uid" : "97d396df2122a5a4",
      "status" : "broken",
      "statusDetails" : "no such element: Unable to locate element: {\"method\":\"css selector\",\"selector\":\"#naviheader\"}\n  (Session info: chrome=92.0.4515.107)\nFor documentation on this error, please visit: https://www.seleniumhq.org/exceptions/no_such_element.html\nBuild info: version: '3.141.59', revision: 'e82be7d358', time: '2018-11-14T08:17:03'\nSystem info: host: 'DESKTOP-JJVKPMQ', ip: '192.168.56.1', os.name: 'Windows 10', os.arch: 'amd64', os.version: '10.0', java.version: '16.0.2'\nDriver info: org.openqa.selenium.chrome.ChromeDriver\nCapabilities {acceptInsecureCerts: false, browserName: chrome, browserVersion: 92.0.4515.107, chrome: {chromedriverVersion: 91.0.4472.101 (af52a90bf870..., userDataDir: c:\\Users\\Tatsuya Hiroki\\App...}, goog:chromeOptions: {debuggerAddress: localhost:54570}, javascriptEnabled: true, networkConnectionEnabled: false, pageLoadStrategy: normal, platform: WINDOWS, platformName: WINDOWS, proxy: Proxy(), setWindowRect: true, strictFileInteractability: false, timeouts: {implicit: 0, pageLoad: 300000, script: 30000}, unhandledPromptBehavior: dismiss and notify, webauthn:extension:largeBlob: true, webauthn:virtualAuthenticators: true}\nSession ID: a9eb3e3bde1c5ef19702d3d7bd5dfe83\n*** Element info: {Using=css selector, value=#naviheader}",
      "time" : {
        "start" : 1627919316117,
        "stop" : 1627919316312,
        "duration" : 195
      }
    }, {
      "uid" : "5e1a103644b14a24",
      "status" : "broken",
      "statusDetails" : "no such element: Unable to locate element: {\"method\":\"xpath\",\"selector\":\"//*[contains(@id,'naviheader')]\"}\n  (Session info: chrome=92.0.4515.107)\nFor documentation on this error, please visit: https://www.seleniumhq.org/exceptions/no_such_element.html\nBuild info: version: '3.141.59', revision: 'e82be7d358', time: '2018-11-14T08:17:03'\nSystem info: host: 'DESKTOP-JJVKPMQ', ip: '192.168.56.1', os.name: 'Windows 10', os.arch: 'amd64', os.version: '10.0', java.version: '16.0.2'\nDriver info: org.openqa.selenium.chrome.ChromeDriver\nCapabilities {acceptInsecureCerts: false, browserName: chrome, browserVersion: 92.0.4515.107, chrome: {chromedriverVersion: 91.0.4472.101 (af52a90bf870..., userDataDir: c:\\Users\\Tatsuya Hiroki\\App...}, goog:chromeOptions: {debuggerAddress: localhost:62635}, javascriptEnabled: true, networkConnectionEnabled: false, pageLoadStrategy: normal, platform: WINDOWS, platformName: WINDOWS, proxy: Proxy(), setWindowRect: true, strictFileInteractability: false, timeouts: {implicit: 0, pageLoad: 300000, script: 30000}, unhandledPromptBehavior: dismiss and notify, webauthn:extension:largeBlob: true, webauthn:virtualAuthenticators: true}\nSession ID: 031ff3012f82c8c11e0cf49d6c8d486c\n*** Element info: {Using=xpath, value=//*[contains(@id,'naviheader')]}",
      "time" : {
        "start" : 1627919098856,
        "stop" : 1627919098997,
        "duration" : 141
      }
    }, {
      "uid" : "bf68eeca2a98ddd5",
      "status" : "broken",
      "statusDetails" : "invalid argument: user data directory is already in use, please specify a unique value for --user-data-dir argument, or don't use --user-data-dir\nBuild info: version: '3.141.59', revision: 'e82be7d358', time: '2018-11-14T08:17:03'\nSystem info: host: 'DESKTOP-JJVKPMQ', ip: '192.168.56.1', os.name: 'Windows 10', os.arch: 'amd64', os.version: '10.0', java.version: '16.0.2'\nDriver info: driver.version: ChromeDriver\nremote stacktrace: Backtrace:\n\tOrdinal0 [0x004C3733+2504499]\n\tOrdinal0 [0x0045C401+2081793]\n\tOrdinal0 [0x00362628+1058344]\n\tOrdinal0 [0x0037D57A+1168762]\n\tOrdinal0 [0x00379DC3+1154499]\n\tOrdinal0 [0x003A9B82+1350530]\n\tOrdinal0 [0x003A97DA+1349594]\n\tOrdinal0 [0x003A5D4B+1334603]\n\tOrdinal0 [0x003822B4+1188532]\n\tOrdinal0 [0x00383149+1192265]\n\tGetHandleVerifier [0x0063FB8C+1512252]\n\tGetHandleVerifier [0x006EB0DF+2214031]\n\tGetHandleVerifier [0x00544BC3+484211]\n\tGetHandleVerifier [0x00543E69+480793]\n\tOrdinal0 [0x0046218D+2105741]\n\tOrdinal0 [0x004666E8+2123496]\n\tOrdinal0 [0x00466827+2123815]\n\tOrdinal0 [0x0046FB73+2161523]\n\tBaseThreadInitThunk [0x75EBFA29+25]\n\tRtlGetAppContainerNamedObjectPath [0x77AA7A7E+286]\n\tRtlGetAppContainerNamedObjectPath [0x77AA7A4E+238]\n",
      "time" : {
        "start" : 1627919087033,
        "stop" : 1627919087042,
        "duration" : 9
      }
    }, {
      "uid" : "812d1ee005fe9f38",
      "status" : "passed",
      "time" : {
        "start" : 1627918889681,
        "stop" : 1627918889861,
        "duration" : 180
      }
    }, {
      "uid" : "8210d7fa2e1d590b",
      "status" : "broken",
      "statusDetails" : "no such element: Unable to locate element: {\"method\":\"xpath\",\"selector\":\"//*[contains(@id,'navilast')]\"}\n  (Session info: chrome=92.0.4515.107)\nFor documentation on this error, please visit: https://www.seleniumhq.org/exceptions/no_such_element.html\nBuild info: version: '3.141.59', revision: 'e82be7d358', time: '2018-11-14T08:17:03'\nSystem info: host: 'DESKTOP-JJVKPMQ', ip: '192.168.56.1', os.name: 'Windows 10', os.arch: 'amd64', os.version: '10.0', java.version: '16.0.2'\nDriver info: org.openqa.selenium.chrome.ChromeDriver\nCapabilities {acceptInsecureCerts: false, browserName: chrome, browserVersion: 92.0.4515.107, chrome: {chromedriverVersion: 91.0.4472.101 (af52a90bf870..., userDataDir: c:\\Users\\Tatsuya Hiroki\\App...}, goog:chromeOptions: {debuggerAddress: localhost:52601}, javascriptEnabled: true, networkConnectionEnabled: false, pageLoadStrategy: normal, platform: WINDOWS, platformName: WINDOWS, proxy: Proxy(), setWindowRect: true, strictFileInteractability: false, timeouts: {implicit: 0, pageLoad: 300000, script: 30000}, unhandledPromptBehavior: dismiss and notify, webauthn:extension:largeBlob: true, webauthn:virtualAuthenticators: true}\nSession ID: 98708088904ff3f9e4ff82092d453101\n*** Element info: {Using=xpath, value=//*[contains(@id,'navilast')]}",
      "time" : {
        "start" : 1627918828253,
        "stop" : 1627918828419,
        "duration" : 166
      }
    }, {
      "uid" : "b3bf2529950aeb34",
      "status" : "broken",
      "statusDetails" : "no such element: Unable to locate element: {\"method\":\"xpath\",\"selector\":\"//*[contains(@id,'navilast')]\"}\n  (Session info: chrome=92.0.4515.107)\nFor documentation on this error, please visit: https://www.seleniumhq.org/exceptions/no_such_element.html\nBuild info: version: '3.141.59', revision: 'e82be7d358', time: '2018-11-14T08:17:03'\nSystem info: host: 'DESKTOP-JJVKPMQ', ip: '192.168.56.1', os.name: 'Windows 10', os.arch: 'amd64', os.version: '10.0', java.version: '16.0.2'\nDriver info: org.openqa.selenium.chrome.ChromeDriver\nCapabilities {acceptInsecureCerts: false, browserName: chrome, browserVersion: 92.0.4515.107, chrome: {chromedriverVersion: 91.0.4472.101 (af52a90bf870..., userDataDir: c:\\Users\\Tatsuya Hiroki\\App...}, goog:chromeOptions: {debuggerAddress: localhost:61133}, javascriptEnabled: true, networkConnectionEnabled: false, pageLoadStrategy: normal, platform: WINDOWS, platformName: WINDOWS, proxy: Proxy(), setWindowRect: true, strictFileInteractability: false, timeouts: {implicit: 0, pageLoad: 300000, script: 30000}, unhandledPromptBehavior: dismiss and notify, webauthn:extension:largeBlob: true, webauthn:virtualAuthenticators: true}\nSession ID: a383466d5613bb1fca4c73c76f74bf00\n*** Element info: {Using=xpath, value=//*[contains(@id,'navilast')]}",
      "time" : {
        "start" : 1627918455366,
        "stop" : 1627918455562,
        "duration" : 196
      }
    }, {
      "uid" : "f19f3cac6e7b011c",
      "status" : "broken",
      "statusDetails" : "no such element: Unable to locate element: {\"method\":\"xpath\",\"selector\":\"/html/body/div[2]/div/table/tbody/tr[2]/td[2]/div[1]/div[2]\"}\n  (Session info: chrome=92.0.4515.107)\nFor documentation on this error, please visit: https://www.seleniumhq.org/exceptions/no_such_element.html\nBuild info: version: '3.141.59', revision: 'e82be7d358', time: '2018-11-14T08:17:03'\nSystem info: host: 'DESKTOP-JJVKPMQ', ip: '192.168.56.1', os.name: 'Windows 10', os.arch: 'amd64', os.version: '10.0', java.version: '16.0.2'\nDriver info: org.openqa.selenium.chrome.ChromeDriver\nCapabilities {acceptInsecureCerts: false, browserName: chrome, browserVersion: 92.0.4515.107, chrome: {chromedriverVersion: 91.0.4472.101 (af52a90bf870..., userDataDir: c:\\Users\\Tatsuya Hiroki\\App...}, goog:chromeOptions: {debuggerAddress: localhost:53024}, javascriptEnabled: true, networkConnectionEnabled: false, pageLoadStrategy: normal, platform: WINDOWS, platformName: WINDOWS, proxy: Proxy(), setWindowRect: true, strictFileInteractability: false, timeouts: {implicit: 0, pageLoad: 300000, script: 30000}, unhandledPromptBehavior: dismiss and notify, webauthn:extension:largeBlob: true, webauthn:virtualAuthenticators: true}\nSession ID: c322c9a1b6a0dc2e9501ed3950c92a5e\n*** Element info: {Using=xpath, value=/html/body/div[2]/div/table/tbody/tr[2]/td[2]/div[1]/div[2]}",
      "time" : {
        "start" : 1627918295188,
        "stop" : 1627918295371,
        "duration" : 183
      }
    }, {
      "uid" : "3190a4ee48e52e29",
      "status" : "broken",
      "statusDetails" : "no such element: Unable to locate element: {\"method\":\"xpath\",\"selector\":\"/html/body/div[2]/div/table/tbody/tr[2]/td[2]/div[1]/div[2]\"}\n  (Session info: chrome=92.0.4515.107)\nFor documentation on this error, please visit: https://www.seleniumhq.org/exceptions/no_such_element.html\nBuild info: version: '3.141.59', revision: 'e82be7d358', time: '2018-11-14T08:17:03'\nSystem info: host: 'DESKTOP-JJVKPMQ', ip: '192.168.56.1', os.name: 'Windows 10', os.arch: 'amd64', os.version: '10.0', java.version: '16.0.2'\nDriver info: org.openqa.selenium.chrome.ChromeDriver\nCapabilities {acceptInsecureCerts: false, browserName: chrome, browserVersion: 92.0.4515.107, chrome: {chromedriverVersion: 91.0.4472.101 (af52a90bf870..., userDataDir: c:\\Users\\Tatsuya Hiroki\\App...}, goog:chromeOptions: {debuggerAddress: localhost:59874}, javascriptEnabled: true, networkConnectionEnabled: false, pageLoadStrategy: normal, platform: WINDOWS, platformName: WINDOWS, proxy: Proxy(), setWindowRect: true, strictFileInteractability: false, timeouts: {implicit: 0, pageLoad: 300000, script: 30000}, unhandledPromptBehavior: dismiss and notify, webauthn:extension:largeBlob: true, webauthn:virtualAuthenticators: true}\nSession ID: 9cb65cc99c42d01ddf58c94e0b017253\n*** Element info: {Using=xpath, value=/html/body/div[2]/div/table/tbody/tr[2]/td[2]/div[1]/div[2]}",
      "time" : {
        "start" : 1627918255098,
        "stop" : 1627918265271,
        "duration" : 10173
      }
    }, {
      "uid" : "71645c4ce68bb11e",
      "status" : "broken",
      "statusDetails" : "invalid argument: user data directory is already in use, please specify a unique value for --user-data-dir argument, or don't use --user-data-dir\nBuild info: version: '3.141.59', revision: 'e82be7d358', time: '2018-11-14T08:17:03'\nSystem info: host: 'DESKTOP-JJVKPMQ', ip: '192.168.56.1', os.name: 'Windows 10', os.arch: 'amd64', os.version: '10.0', java.version: '16.0.2'\nDriver info: driver.version: ChromeDriver\nremote stacktrace: Backtrace:\n\tOrdinal0 [0x004C3733+2504499]\n\tOrdinal0 [0x0045C401+2081793]\n\tOrdinal0 [0x00362628+1058344]\n\tOrdinal0 [0x0037D57A+1168762]\n\tOrdinal0 [0x00379DC3+1154499]\n\tOrdinal0 [0x003A9B82+1350530]\n\tOrdinal0 [0x003A97DA+1349594]\n\tOrdinal0 [0x003A5D4B+1334603]\n\tOrdinal0 [0x003822B4+1188532]\n\tOrdinal0 [0x00383149+1192265]\n\tGetHandleVerifier [0x0063FB8C+1512252]\n\tGetHandleVerifier [0x006EB0DF+2214031]\n\tGetHandleVerifier [0x00544BC3+484211]\n\tGetHandleVerifier [0x00543E69+480793]\n\tOrdinal0 [0x0046218D+2105741]\n\tOrdinal0 [0x004666E8+2123496]\n\tOrdinal0 [0x00466827+2123815]\n\tOrdinal0 [0x0046FB73+2161523]\n\tBaseThreadInitThunk [0x75EBFA29+25]\n\tRtlGetAppContainerNamedObjectPath [0x77AA7A7E+286]\n\tRtlGetAppContainerNamedObjectPath [0x77AA7A4E+238]\n",
      "time" : {
        "start" : 1627918243798,
        "stop" : 1627918243804,
        "duration" : 6
      }
    }, {
      "uid" : "58802c3088a7f976",
      "status" : "broken",
      "statusDetails" : "no such element: Unable to locate element: {\"method\":\"xpath\",\"selector\":\"//*[@id=\"navi\"]\"}\n  (Session info: chrome=92.0.4515.107)\nFor documentation on this error, please visit: https://www.seleniumhq.org/exceptions/no_such_element.html\nBuild info: version: '3.141.59', revision: 'e82be7d358', time: '2018-11-14T08:17:03'\nSystem info: host: 'DESKTOP-JJVKPMQ', ip: '192.168.56.1', os.name: 'Windows 10', os.arch: 'amd64', os.version: '10.0', java.version: '16.0.2'\nDriver info: org.openqa.selenium.chrome.ChromeDriver\nCapabilities {acceptInsecureCerts: false, browserName: chrome, browserVersion: 92.0.4515.107, chrome: {chromedriverVersion: 91.0.4472.101 (af52a90bf870..., userDataDir: c:\\Users\\Tatsuya Hiroki\\App...}, goog:chromeOptions: {debuggerAddress: localhost:50794}, javascriptEnabled: true, networkConnectionEnabled: false, pageLoadStrategy: normal, platform: WINDOWS, platformName: WINDOWS, proxy: Proxy(), setWindowRect: true, strictFileInteractability: false, timeouts: {implicit: 0, pageLoad: 300000, script: 30000}, unhandledPromptBehavior: dismiss and notify, webauthn:extension:largeBlob: true, webauthn:virtualAuthenticators: true}\nSession ID: c0b77eda007fa6b7a81ab26095386740\n*** Element info: {Using=xpath, value=//*[@id=\"navi\"]}",
      "time" : {
        "start" : 1627918157662,
        "stop" : 1627918167842,
        "duration" : 10180
      }
    }, {
      "uid" : "28ddd8b6c9816f69",
      "status" : "broken",
      "statusDetails" : "no such element: Unable to locate element: {\"method\":\"xpath\",\"selector\":\"//*[@id=\"navi\"]\"}\n  (Session info: chrome=92.0.4515.107)\nFor documentation on this error, please visit: https://www.seleniumhq.org/exceptions/no_such_element.html\nBuild info: version: '3.141.59', revision: 'e82be7d358', time: '2018-11-14T08:17:03'\nSystem info: host: 'DESKTOP-JJVKPMQ', ip: '192.168.56.1', os.name: 'Windows 10', os.arch: 'amd64', os.version: '10.0', java.version: '16.0.2'\nDriver info: org.openqa.selenium.chrome.ChromeDriver\nCapabilities {acceptInsecureCerts: false, browserName: chrome, browserVersion: 92.0.4515.107, chrome: {chromedriverVersion: 91.0.4472.101 (af52a90bf870..., userDataDir: c:\\Users\\Tatsuya Hiroki\\App...}, goog:chromeOptions: {debuggerAddress: localhost:49912}, javascriptEnabled: true, networkConnectionEnabled: false, pageLoadStrategy: normal, platform: WINDOWS, platformName: WINDOWS, proxy: Proxy(), setWindowRect: true, strictFileInteractability: false, timeouts: {implicit: 0, pageLoad: 300000, script: 30000}, unhandledPromptBehavior: dismiss and notify, webauthn:extension:largeBlob: true, webauthn:virtualAuthenticators: true}\nSession ID: f0e7a2ca6d26bd48d95398fe2c6e41f7\n*** Element info: {Using=xpath, value=//*[@id=\"navi\"]}",
      "time" : {
        "start" : 1627918103857,
        "stop" : 1627918104049,
        "duration" : 192
      }
    }, {
      "uid" : "c504e2e96ce7e6e8",
      "status" : "broken",
      "statusDetails" : "Expected condition failed: waiting for visibility of element located by By.cssSelector: #navilast (tried for 10 second(s) with 500 milliseconds interval)",
      "time" : {
        "start" : 1627918017285,
        "stop" : 1627918027914,
        "duration" : 10629
      }
    }, {
      "uid" : "946d08bba807952",
      "status" : "broken",
      "statusDetails" : "Expected condition failed: waiting for visibility of element located by By.xpath: //*[@id=\"navilast\"] (tried for 10 second(s) with 500 milliseconds interval)",
      "time" : {
        "start" : 1627915817091,
        "stop" : 1627915827623,
        "duration" : 10532
      }
    }, {
      "uid" : "41eb3e4fcb5510a",
      "status" : "broken",
      "statusDetails" : "invalid argument: user data directory is already in use, please specify a unique value for --user-data-dir argument, or don't use --user-data-dir\nBuild info: version: '3.141.59', revision: 'e82be7d358', time: '2018-11-14T08:17:03'\nSystem info: host: 'DESKTOP-JJVKPMQ', ip: '192.168.56.1', os.name: 'Windows 10', os.arch: 'amd64', os.version: '10.0', java.version: '16.0.2'\nDriver info: driver.version: ChromeDriver\nremote stacktrace: Backtrace:\n\tOrdinal0 [0x004C3733+2504499]\n\tOrdinal0 [0x0045C401+2081793]\n\tOrdinal0 [0x00362628+1058344]\n\tOrdinal0 [0x0037D57A+1168762]\n\tOrdinal0 [0x00379DC3+1154499]\n\tOrdinal0 [0x003A9B82+1350530]\n\tOrdinal0 [0x003A97DA+1349594]\n\tOrdinal0 [0x003A5D4B+1334603]\n\tOrdinal0 [0x003822B4+1188532]\n\tOrdinal0 [0x00383149+1192265]\n\tGetHandleVerifier [0x0063FB8C+1512252]\n\tGetHandleVerifier [0x006EB0DF+2214031]\n\tGetHandleVerifier [0x00544BC3+484211]\n\tGetHandleVerifier [0x00543E69+480793]\n\tOrdinal0 [0x0046218D+2105741]\n\tOrdinal0 [0x004666E8+2123496]\n\tOrdinal0 [0x00466827+2123815]\n\tOrdinal0 [0x0046FB73+2161523]\n\tBaseThreadInitThunk [0x75EBFA29+25]\n\tRtlGetAppContainerNamedObjectPath [0x77AA7A7E+286]\n\tRtlGetAppContainerNamedObjectPath [0x77AA7A4E+238]\n",
      "time" : {
        "start" : 1627915806459,
        "stop" : 1627915806469,
        "duration" : 10
      }
    }, {
      "uid" : "e46f8e96a803545c",
      "status" : "broken",
      "statusDetails" : "no such element: Unable to locate element: {\"method\":\"xpath\",\"selector\":\"//*[@id=\"navilast\"]\"}\n  (Session info: chrome=92.0.4515.107)\nFor documentation on this error, please visit: https://www.seleniumhq.org/exceptions/no_such_element.html\nBuild info: version: '3.141.59', revision: 'e82be7d358', time: '2018-11-14T08:17:03'\nSystem info: host: 'DESKTOP-JJVKPMQ', ip: '192.168.56.1', os.name: 'Windows 10', os.arch: 'amd64', os.version: '10.0', java.version: '16.0.2'\nDriver info: org.openqa.selenium.chrome.ChromeDriver\nCapabilities {acceptInsecureCerts: false, browserName: chrome, browserVersion: 92.0.4515.107, chrome: {chromedriverVersion: 91.0.4472.101 (af52a90bf870..., userDataDir: c:\\Users\\Tatsuya Hiroki\\App...}, goog:chromeOptions: {debuggerAddress: localhost:49202}, javascriptEnabled: true, networkConnectionEnabled: false, pageLoadStrategy: normal, platform: WINDOWS, platformName: WINDOWS, proxy: Proxy(), setWindowRect: true, strictFileInteractability: false, timeouts: {implicit: 0, pageLoad: 300000, script: 30000}, unhandledPromptBehavior: dismiss and notify, webauthn:extension:largeBlob: true, webauthn:virtualAuthenticators: true}\nSession ID: 1209123654fca67934e13eebe866a8a3\n*** Element info: {Using=xpath, value=//*[@id=\"navilast\"]}",
      "time" : {
        "start" : 1627915738385,
        "stop" : 1627915738566,
        "duration" : 181
      }
    }, {
      "uid" : "1a2a4999c5150bc2",
      "status" : "broken",
      "statusDetails" : "no such element: Unable to locate element: {\"method\":\"css selector\",\"selector\":\"#navilast\"}\n  (Session info: chrome=92.0.4515.107)\nFor documentation on this error, please visit: https://www.seleniumhq.org/exceptions/no_such_element.html\nBuild info: version: '3.141.59', revision: 'e82be7d358', time: '2018-11-14T08:17:03'\nSystem info: host: 'DESKTOP-JJVKPMQ', ip: '192.168.56.1', os.name: 'Windows 10', os.arch: 'amd64', os.version: '10.0', java.version: '16.0.2'\nDriver info: org.openqa.selenium.chrome.ChromeDriver\nCapabilities {acceptInsecureCerts: false, browserName: chrome, browserVersion: 92.0.4515.107, chrome: {chromedriverVersion: 91.0.4472.101 (af52a90bf870..., userDataDir: c:\\Users\\Tatsuya Hiroki\\App...}, goog:chromeOptions: {debuggerAddress: localhost:56721}, javascriptEnabled: true, networkConnectionEnabled: false, pageLoadStrategy: normal, platform: WINDOWS, platformName: WINDOWS, proxy: Proxy(), setWindowRect: true, strictFileInteractability: false, timeouts: {implicit: 0, pageLoad: 300000, script: 30000}, unhandledPromptBehavior: dismiss and notify, webauthn:extension:largeBlob: true, webauthn:virtualAuthenticators: true}\nSession ID: 3815e52b4982a4a019f92ed3a39907ae\n*** Element info: {Using=css selector, value=#navilast}",
      "time" : {
        "start" : 1627915670605,
        "stop" : 1627915670759,
        "duration" : 154
      }
    }, {
      "uid" : "af490aebeb4b561c",
      "status" : "broken",
      "statusDetails" : "no such element: Unable to locate element: {\"method\":\"xpath\",\"selector\":\"//div[@id='navilast']\"}\n  (Session info: chrome=92.0.4515.107)\nFor documentation on this error, please visit: https://www.seleniumhq.org/exceptions/no_such_element.html\nBuild info: version: '3.141.59', revision: 'e82be7d358', time: '2018-11-14T08:17:03'\nSystem info: host: 'DESKTOP-JJVKPMQ', ip: '192.168.56.1', os.name: 'Windows 10', os.arch: 'amd64', os.version: '10.0', java.version: '16.0.2'\nDriver info: org.openqa.selenium.chrome.ChromeDriver\nCapabilities {acceptInsecureCerts: false, browserName: chrome, browserVersion: 92.0.4515.107, chrome: {chromedriverVersion: 91.0.4472.101 (af52a90bf870..., userDataDir: c:\\Users\\Tatsuya Hiroki\\App...}, goog:chromeOptions: {debuggerAddress: localhost:61646}, javascriptEnabled: true, networkConnectionEnabled: false, pageLoadStrategy: normal, platform: WINDOWS, platformName: WINDOWS, proxy: Proxy(), setWindowRect: true, strictFileInteractability: false, timeouts: {implicit: 0, pageLoad: 300000, script: 30000}, unhandledPromptBehavior: dismiss and notify, webauthn:extension:largeBlob: true, webauthn:virtualAuthenticators: true}\nSession ID: 453540da2d97eea5e55529d02cda7ca3\n*** Element info: {Using=xpath, value=//div[@id='navilast']}",
      "time" : {
        "start" : 1627915065128,
        "stop" : 1627915065336,
        "duration" : 208
      }
    }, {
      "uid" : "af37bc36504130f",
      "status" : "broken",
      "statusDetails" : "no such element: Unable to locate element: {\"method\":\"css selector\",\"selector\":\"#navilast\"}\n  (Session info: chrome=92.0.4515.107)\nFor documentation on this error, please visit: https://www.seleniumhq.org/exceptions/no_such_element.html\nBuild info: version: '3.141.59', revision: 'e82be7d358', time: '2018-11-14T08:17:03'\nSystem info: host: 'DESKTOP-JJVKPMQ', ip: '192.168.56.1', os.name: 'Windows 10', os.arch: 'amd64', os.version: '10.0', java.version: '16.0.2'\nDriver info: org.openqa.selenium.chrome.ChromeDriver\nCapabilities {acceptInsecureCerts: false, browserName: chrome, browserVersion: 92.0.4515.107, chrome: {chromedriverVersion: 91.0.4472.101 (af52a90bf870..., userDataDir: c:\\Users\\Tatsuya Hiroki\\App...}, goog:chromeOptions: {debuggerAddress: localhost:65081}, javascriptEnabled: true, networkConnectionEnabled: false, pageLoadStrategy: normal, platform: WINDOWS, platformName: WINDOWS, proxy: Proxy(), setWindowRect: true, strictFileInteractability: false, timeouts: {implicit: 0, pageLoad: 300000, script: 30000}, unhandledPromptBehavior: dismiss and notify, webauthn:extension:largeBlob: true, webauthn:virtualAuthenticators: true}\nSession ID: a0b7cd7935df81015ae1765c97a2b22e\n*** Element info: {Using=css selector, value=#navilast}",
      "time" : {
        "start" : 1627912723625,
        "stop" : 1627912728776,
        "duration" : 5151
      }
    }, {
      "uid" : "4d5f71015c773395",
      "status" : "broken",
      "statusDetails" : "no such element: Unable to locate element: {\"method\":\"xpath\",\"selector\":\"//*[@id='navilast']\"}\n  (Session info: chrome=92.0.4515.107)\nFor documentation on this error, please visit: https://www.seleniumhq.org/exceptions/no_such_element.html\nBuild info: version: '3.141.59', revision: 'e82be7d358', time: '2018-11-14T08:17:03'\nSystem info: host: 'DESKTOP-JJVKPMQ', ip: '192.168.56.1', os.name: 'Windows 10', os.arch: 'amd64', os.version: '10.0', java.version: '16.0.2'\nDriver info: org.openqa.selenium.chrome.ChromeDriver\nCapabilities {acceptInsecureCerts: false, browserName: chrome, browserVersion: 92.0.4515.107, chrome: {chromedriverVersion: 91.0.4472.101 (af52a90bf870..., userDataDir: c:\\Users\\Tatsuya Hiroki\\App...}, goog:chromeOptions: {debuggerAddress: localhost:53560}, javascriptEnabled: true, networkConnectionEnabled: false, pageLoadStrategy: normal, platform: WINDOWS, platformName: WINDOWS, proxy: Proxy(), setWindowRect: true, strictFileInteractability: false, timeouts: {implicit: 0, pageLoad: 300000, script: 30000}, unhandledPromptBehavior: dismiss and notify, webauthn:extension:largeBlob: true, webauthn:virtualAuthenticators: true}\nSession ID: bb2447f4907cdb5c693be62081791a97\n*** Element info: {Using=xpath, value=//*[@id='navilast']}",
      "time" : {
        "start" : 1627912655252,
        "stop" : 1627912660391,
        "duration" : 5139
      }
    }, {
      "uid" : "2b0f6898740cb795",
      "status" : "broken",
      "statusDetails" : "no such element: Unable to locate element: {\"method\":\"xpath\",\"selector\":\"//*[@id='navilast']\"}\n  (Session info: chrome=92.0.4515.107)\nFor documentation on this error, please visit: https://www.seleniumhq.org/exceptions/no_such_element.html\nBuild info: version: '3.141.59', revision: 'e82be7d358', time: '2018-11-14T08:17:03'\nSystem info: host: 'DESKTOP-JJVKPMQ', ip: '192.168.56.1', os.name: 'Windows 10', os.arch: 'amd64', os.version: '10.0', java.version: '16.0.2'\nDriver info: org.openqa.selenium.chrome.ChromeDriver\nCapabilities {acceptInsecureCerts: false, browserName: chrome, browserVersion: 92.0.4515.107, chrome: {chromedriverVersion: 91.0.4472.101 (af52a90bf870..., userDataDir: c:\\Users\\Tatsuya Hiroki\\App...}, goog:chromeOptions: {debuggerAddress: localhost:64377}, javascriptEnabled: true, networkConnectionEnabled: false, pageLoadStrategy: normal, platform: WINDOWS, platformName: WINDOWS, proxy: Proxy(), setWindowRect: true, strictFileInteractability: false, timeouts: {implicit: 0, pageLoad: 300000, script: 30000}, unhandledPromptBehavior: dismiss and notify, webauthn:extension:largeBlob: true, webauthn:virtualAuthenticators: true}\nSession ID: ed2e476356b3fb637826f7b9d77176df\n*** Element info: {Using=xpath, value=//*[@id='navilast']}",
      "time" : {
        "start" : 1627654241739,
        "stop" : 1627654246888,
        "duration" : 5149
      }
    }, {
      "uid" : "dd65444057a251db",
      "status" : "broken",
      "statusDetails" : "no such element: Unable to locate element: {\"method\":\"xpath\",\"selector\":\"//*[@id='navilast']\"}\n  (Session info: chrome=92.0.4515.107)\nFor documentation on this error, please visit: https://www.seleniumhq.org/exceptions/no_such_element.html\nBuild info: version: '3.141.59', revision: 'e82be7d358', time: '2018-11-14T08:17:03'\nSystem info: host: 'DESKTOP-JJVKPMQ', ip: '192.168.56.1', os.name: 'Windows 10', os.arch: 'amd64', os.version: '10.0', java.version: '16.0.2'\nDriver info: org.openqa.selenium.chrome.ChromeDriver\nCapabilities {acceptInsecureCerts: false, browserName: chrome, browserVersion: 92.0.4515.107, chrome: {chromedriverVersion: 91.0.4472.101 (af52a90bf870..., userDataDir: c:\\Users\\Tatsuya Hiroki\\App...}, goog:chromeOptions: {debuggerAddress: localhost:58527}, javascriptEnabled: true, networkConnectionEnabled: false, pageLoadStrategy: normal, platform: WINDOWS, platformName: WINDOWS, proxy: Proxy(), setWindowRect: true, strictFileInteractability: false, timeouts: {implicit: 0, pageLoad: 300000, script: 30000}, unhandledPromptBehavior: dismiss and notify, webauthn:extension:largeBlob: true, webauthn:virtualAuthenticators: true}\nSession ID: a5719d9ce235e39222ee6b0855bf3501\n*** Element info: {Using=xpath, value=//*[@id='navilast']}",
      "time" : {
        "start" : 1627652651017,
        "stop" : 1627652656232,
        "duration" : 5215
      }
    }, {
      "uid" : "d67ff3b4c44f6ac0",
      "status" : "broken",
      "statusDetails" : "no such element: Unable to locate element: {\"method\":\"xpath\",\"selector\":\"//*[@id='navilast']\"}\n  (Session info: chrome=92.0.4515.107)\nFor documentation on this error, please visit: https://www.seleniumhq.org/exceptions/no_such_element.html\nBuild info: version: '3.141.59', revision: 'e82be7d358', time: '2018-11-14T08:17:03'\nSystem info: host: 'DESKTOP-JJVKPMQ', ip: '192.168.56.1', os.name: 'Windows 10', os.arch: 'amd64', os.version: '10.0', java.version: '16.0.2'\nDriver info: org.openqa.selenium.chrome.ChromeDriver\nCapabilities {acceptInsecureCerts: false, browserName: chrome, browserVersion: 92.0.4515.107, chrome: {chromedriverVersion: 91.0.4472.101 (af52a90bf870..., userDataDir: c:\\Users\\Tatsuya Hiroki\\App...}, goog:chromeOptions: {debuggerAddress: localhost:65308}, javascriptEnabled: true, networkConnectionEnabled: false, pageLoadStrategy: normal, platform: WINDOWS, platformName: WINDOWS, proxy: Proxy(), setWindowRect: true, strictFileInteractability: false, timeouts: {implicit: 0, pageLoad: 300000, script: 30000}, unhandledPromptBehavior: dismiss and notify, webauthn:extension:largeBlob: true, webauthn:virtualAuthenticators: true}\nSession ID: 2c38c79cf97be6cc6fae7a9be620ad2e\n*** Element info: {Using=xpath, value=//*[@id='navilast']}",
      "time" : {
        "start" : 1627652578375,
        "stop" : 1627652583498,
        "duration" : 5123
      }
    }, {
      "uid" : "282639a54ed80a44",
      "status" : "broken",
      "statusDetails" : "no such element: Unable to locate element: {\"method\":\"xpath\",\"selector\":\"//*[@class='pdfViewer']\"}\n  (Session info: chrome=92.0.4515.107)\nFor documentation on this error, please visit: https://www.seleniumhq.org/exceptions/no_such_element.html\nBuild info: version: '3.141.59', revision: 'e82be7d358', time: '2018-11-14T08:17:03'\nSystem info: host: 'DESKTOP-JJVKPMQ', ip: '192.168.56.1', os.name: 'Windows 10', os.arch: 'amd64', os.version: '10.0', java.version: '16.0.2'\nDriver info: org.openqa.selenium.chrome.ChromeDriver\nCapabilities {acceptInsecureCerts: false, browserName: chrome, browserVersion: 92.0.4515.107, chrome: {chromedriverVersion: 91.0.4472.101 (af52a90bf870..., userDataDir: c:\\Users\\Tatsuya Hiroki\\App...}, goog:chromeOptions: {debuggerAddress: localhost:55927}, javascriptEnabled: true, networkConnectionEnabled: false, pageLoadStrategy: normal, platform: WINDOWS, platformName: WINDOWS, proxy: Proxy(), setWindowRect: true, strictFileInteractability: false, timeouts: {implicit: 0, pageLoad: 300000, script: 30000}, unhandledPromptBehavior: dismiss and notify, webauthn:extension:largeBlob: true, webauthn:virtualAuthenticators: true}\nSession ID: a41d2d59e5c779bec6710d48c4782557\n*** Element info: {Using=xpath, value=//*[@class='pdfViewer']}",
      "time" : {
        "start" : 1627652088037,
        "stop" : 1627652093205,
        "duration" : 5168
      }
    }, {
      "uid" : "308766b9083094",
      "status" : "broken",
      "statusDetails" : "no such element: Unable to locate element: {\"method\":\"css selector\",\"selector\":\"#navilast\"}\n  (Session info: chrome=92.0.4515.107)\nFor documentation on this error, please visit: https://www.seleniumhq.org/exceptions/no_such_element.html\nBuild info: version: '3.141.59', revision: 'e82be7d358', time: '2018-11-14T08:17:03'\nSystem info: host: 'DESKTOP-JJVKPMQ', ip: '192.168.56.1', os.name: 'Windows 10', os.arch: 'amd64', os.version: '10.0', java.version: '16.0.2'\nDriver info: org.openqa.selenium.chrome.ChromeDriver\nCapabilities {acceptInsecureCerts: false, browserName: chrome, browserVersion: 92.0.4515.107, chrome: {chromedriverVersion: 91.0.4472.101 (af52a90bf870..., userDataDir: c:\\Users\\Tatsuya Hiroki\\App...}, goog:chromeOptions: {debuggerAddress: localhost:50104}, javascriptEnabled: true, networkConnectionEnabled: false, pageLoadStrategy: normal, platform: WINDOWS, platformName: WINDOWS, proxy: Proxy(), setWindowRect: true, strictFileInteractability: false, timeouts: {implicit: 0, pageLoad: 300000, script: 30000}, unhandledPromptBehavior: dismiss and notify, webauthn:extension:largeBlob: true, webauthn:virtualAuthenticators: true}\nSession ID: be8e2cca7aecf4b139022ccde834639e\n*** Element info: {Using=css selector, value=#navilast}",
      "time" : {
        "start" : 1627651660625,
        "stop" : 1627651665779,
        "duration" : 5154
      }
    }, {
      "uid" : "6281b5a88a0228f2",
      "status" : "broken",
      "statusDetails" : "no such element: Unable to locate element: {\"method\":\"xpath\",\"selector\":\"//*[contains(@id,'navilast')]\"}\n  (Session info: chrome=92.0.4515.107)\nFor documentation on this error, please visit: https://www.seleniumhq.org/exceptions/no_such_element.html\nBuild info: version: '3.141.59', revision: 'e82be7d358', time: '2018-11-14T08:17:03'\nSystem info: host: 'DESKTOP-JJVKPMQ', ip: '192.168.56.1', os.name: 'Windows 10', os.arch: 'amd64', os.version: '10.0', java.version: '16.0.2'\nDriver info: org.openqa.selenium.chrome.ChromeDriver\nCapabilities {acceptInsecureCerts: false, browserName: chrome, browserVersion: 92.0.4515.107, chrome: {chromedriverVersion: 91.0.4472.101 (af52a90bf870..., userDataDir: c:\\Users\\Tatsuya Hiroki\\App...}, goog:chromeOptions: {debuggerAddress: localhost:50339}, javascriptEnabled: true, networkConnectionEnabled: false, pageLoadStrategy: normal, platform: WINDOWS, platformName: WINDOWS, proxy: Proxy(), setWindowRect: true, strictFileInteractability: false, timeouts: {implicit: 0, pageLoad: 300000, script: 30000}, unhandledPromptBehavior: dismiss and notify, webauthn:extension:largeBlob: true, webauthn:virtualAuthenticators: true}\nSession ID: 3c231d8baa903a5feb757f7659bc9126\n*** Element info: {Using=xpath, value=//*[contains(@id,'navilast')]}",
      "time" : {
        "start" : 1627651561622,
        "stop" : 1627651566807,
        "duration" : 5185
      }
    }, {
      "uid" : "9d7da3ca15578e33",
      "status" : "broken",
      "statusDetails" : "no such element: Unable to locate element: {\"method\":\"xpath\",\"selector\":\"//*[contains(@id,'navilast')]\"}\n  (Session info: chrome=92.0.4515.107)\nFor documentation on this error, please visit: https://www.seleniumhq.org/exceptions/no_such_element.html\nBuild info: version: '3.141.59', revision: 'e82be7d358', time: '2018-11-14T08:17:03'\nSystem info: host: 'DESKTOP-JJVKPMQ', ip: '192.168.56.1', os.name: 'Windows 10', os.arch: 'amd64', os.version: '10.0', java.version: '16.0.2'\nDriver info: org.openqa.selenium.chrome.ChromeDriver\nCapabilities {acceptInsecureCerts: false, browserName: chrome, browserVersion: 92.0.4515.107, chrome: {chromedriverVersion: 91.0.4472.101 (af52a90bf870..., userDataDir: c:\\Users\\Tatsuya Hiroki\\App...}, goog:chromeOptions: {debuggerAddress: localhost:59836}, javascriptEnabled: true, networkConnectionEnabled: false, pageLoadStrategy: normal, platform: WINDOWS, platformName: WINDOWS, proxy: Proxy(), setWindowRect: true, strictFileInteractability: false, timeouts: {implicit: 0, pageLoad: 300000, script: 30000}, unhandledPromptBehavior: dismiss and notify, webauthn:extension:largeBlob: true, webauthn:virtualAuthenticators: true}\nSession ID: f3a3d83285faff7afa17c881a7804e24\n*** Element info: {Using=xpath, value=//*[contains(@id,'navilast')]}",
      "time" : {
        "start" : 1627651489813,
        "stop" : 1627651500030,
        "duration" : 10217
      }
    }, {
      "uid" : "9af2d22c2c6abe1b",
      "status" : "broken",
      "statusDetails" : "no such element: Unable to locate element: {\"method\":\"xpath\",\"selector\":\"//*[contains(@id,'navilast')]\"}\n  (Session info: chrome=92.0.4515.107)\nFor documentation on this error, please visit: https://www.seleniumhq.org/exceptions/no_such_element.html\nBuild info: version: '3.141.59', revision: 'e82be7d358', time: '2018-11-14T08:17:03'\nSystem info: host: 'DESKTOP-JJVKPMQ', ip: '192.168.56.1', os.name: 'Windows 10', os.arch: 'amd64', os.version: '10.0', java.version: '16.0.2'\nDriver info: org.openqa.selenium.chrome.ChromeDriver\nCapabilities {acceptInsecureCerts: false, browserName: chrome, browserVersion: 92.0.4515.107, chrome: {chromedriverVersion: 91.0.4472.101 (af52a90bf870..., userDataDir: c:\\Users\\Tatsuya Hiroki\\App...}, goog:chromeOptions: {debuggerAddress: localhost:58874}, javascriptEnabled: true, networkConnectionEnabled: false, pageLoadStrategy: normal, platform: WINDOWS, platformName: WINDOWS, proxy: Proxy(), setWindowRect: true, strictFileInteractability: false, timeouts: {implicit: 0, pageLoad: 300000, script: 30000}, unhandledPromptBehavior: dismiss and notify, webauthn:extension:largeBlob: true, webauthn:virtualAuthenticators: true}\nSession ID: 537dc1863b4d26379b19a4c9a8ca8c27\n*** Element info: {Using=xpath, value=//*[contains(@id,'navilast')]}",
      "time" : {
        "start" : 1627651449862,
        "stop" : 1627651450033,
        "duration" : 171
      }
    }, {
      "uid" : "69c20fcef079ce9f",
      "status" : "passed",
      "time" : {
        "start" : 1627650372048,
        "stop" : 1627650372225,
        "duration" : 177
      }
    } ],
    "categories" : [ {
      "name" : "Test defects",
      "matchedStatuses" : [ ],
      "flaky" : false
    } ],
    "history" : {
      "statistic" : {
        "failed" : 0,
        "broken" : 3,
        "skipped" : 0,
        "passed" : 0,
        "unknown" : 0,
        "total" : 3
      },
      "items" : [ {
        "uid" : "916ff3d28acbfaba",
        "reportUrl" : "https://Christopher9411.github.io/Vizsgaremek-projekt/33//#testresult/916ff3d28acbfaba",
        "status" : "broken",
        "statusDetails" : "Expected condition failed: waiting for visibility of element located by By.xpath: //*[@id=\"navilast\"] (tried for 10 second(s) with 500 milliseconds interval)",
        "time" : {
          "start" : 1627927549425,
          "stop" : 1627927559941,
          "duration" : 10516
        }
      }, {
        "uid" : "56605d8d6002c537",
        "reportUrl" : "https://Christopher9411.github.io/Vizsgaremek-projekt/32//#testresult/56605d8d6002c537",
        "status" : "broken",
        "statusDetails" : "Expected condition failed: waiting for visibility of element located by By.xpath: //*[@id=\"navilast\"] (tried for 10 second(s) with 500 milliseconds interval)",
        "time" : {
          "start" : 1627927549425,
          "stop" : 1627927559941,
          "duration" : 10516
        }
      } ]
    },
    "tags" : [ ]
  },
  "source" : "a8c85f0eb65badab.json",
  "parameterValues" : [ ]
}